[20:37:42] [main/INFO] (FabricLoader/GameProvider) Loading Minecraft 1.19 with Fabric Loader 0.14.7
[20:37:43] [main/INFO] (FabricLoader) Loading 6 mods:
	- baritone 1.19-SNAPSHOT
	- bedtrap 452
	- fabricloader 0.14.7
	- java 17
	- meteor-client 0.5.0-1511
	- minecraft 1.19
[20:37:44] [main/INFO] (FabricLoader/Mixin) SpongePowered MIXIN Subsystem Version=0.8.5 Source=file:/C:/Users/Eureka/.gradle/caches/modules-2/files-2.1/net.fabricmc/sponge-mixin/0.11.4+mixin.0.8.5/c1dc27696aa4006e492c2485c9ccbcb26045a971/sponge-mixin-0.11.4+mixin.0.8.5.jar Service=Knot/Fabric Env=CLIENT
[20:37:45] [main/INFO] (FabricLoader/Mixin) Loaded Fabric development mappings for mixin remapper!
[20:37:45] [main/INFO] (FabricLoader/Mixin) Compatibility level set to JAVA_16
[20:37:45] [main/INFO] (FabricLoader/Mixin) Compatibility level set to JAVA_17
[20:37:51] [main/WARN] (FileUtil) Configuration conflict: there is more than one oshi.properties file on the classpath
[20:37:55] [main/WARN] (FileUtil) Configuration conflict: there is more than one oshi.architecture.properties file on the classpath
[20:38:14] [main/INFO] (Minecraft) Building optimized datafixer
[20:38:39] [Render thread/INFO] (Minecraft) Environment: authHost='https://authserver.mojang.com', accountsHost='https://api.mojang.com', sessionHost='https://sessionserver.mojang.com', servicesHost='https://api.minecraftservices.com', name='PROD'
[20:38:42] [Render thread/ERROR] (Minecraft) Failed to verify authentication
com.mojang.authlib.exceptions.InvalidCredentialsException: Status: 401
	at com.mojang.authlib.exceptions.MinecraftClientHttpException.toAuthenticationException(MinecraftClientHttpException.java:56) ~[authlib-3.5.41.jar:?]
	at com.mojang.authlib.yggdrasil.YggdrasilUserApiService.fetchProperties(YggdrasilUserApiService.java:140) ~[authlib-3.5.41.jar:?]
	at com.mojang.authlib.yggdrasil.YggdrasilUserApiService.<init>(YggdrasilUserApiService.java:47) ~[authlib-3.5.41.jar:?]
	at com.mojang.authlib.yggdrasil.YggdrasilAuthenticationService.createUserApiService(YggdrasilAuthenticationService.java:158) ~[authlib-3.5.41.jar:?]
	at net.minecraft.client.MinecraftClient.createUserApiService(MinecraftClient.java:677) [minecraft-merged-named.jar:?]
	at net.minecraft.client.MinecraftClient.<init>(MinecraftClient.java:415) [minecraft-merged-named.jar:?]
	at net.minecraft.client.main.Main.main(Main.java:198) [minecraft-merged-named.jar:?]
	at net.fabricmc.loader.impl.game.minecraft.MinecraftGameProvider.launch(MinecraftGameProvider.java:461) [fabric-loader-0.14.7.jar:?]
	at net.fabricmc.loader.impl.launch.knot.Knot.launch(Knot.java:74) [fabric-loader-0.14.7.jar:?]
	at net.fabricmc.loader.impl.launch.knot.KnotClient.main(KnotClient.java:23) [fabric-loader-0.14.7.jar:?]
	at net.fabricmc.devlaunchinjector.Main.main(Main.java:86) [dev-launch-injector-0.2.1+build.8.jar:?]
Caused by: com.mojang.authlib.exceptions.MinecraftClientHttpException: Status: 401
	at com.mojang.authlib.minecraft.client.MinecraftClient.readInputStream(MinecraftClient.java:85) ~[authlib-3.5.41.jar:?]
	at com.mojang.authlib.minecraft.client.MinecraftClient.get(MinecraftClient.java:48) ~[authlib-3.5.41.jar:?]
	at com.mojang.authlib.yggdrasil.YggdrasilUserApiService.fetchProperties(YggdrasilUserApiService.java:121) ~[authlib-3.5.41.jar:?]
	... 9 more
[20:38:42] [Render thread/INFO] (Minecraft) Setting user: Player612
[20:38:43] [Render thread/INFO] (Minecraft) Backend library: LWJGL version 3.3.1 SNAPSHOT
[20:39:16] [Render thread/INFO] (Minecraft) Narrator library for x64 successfully loaded
[20:39:19] [Render thread/INFO] (Minecraft) Reloading ResourceManager: Default
[20:39:18] [Worker-Main-4/ERROR] (Minecraft) Failed to retrieve profile key pair
java.io.IOException: Could not retrieve profile key pair
	at net.minecraft.client.util.ProfileKeys.fetchKeyPair(ProfileKeys.java:112) ~[minecraft-merged-named.jar:?]
	at net.minecraft.client.util.ProfileKeys.method_44291(ProfileKeys.java:56) ~[minecraft-merged-named.jar:?]
	at java.util.concurrent.CompletableFuture$AsyncSupply.run(CompletableFuture.java:1768) [?:?]
	at java.util.concurrent.CompletableFuture$AsyncSupply.exec(CompletableFuture.java:1760) [?:?]
	at java.util.concurrent.ForkJoinTask.doExec(ForkJoinTask.java:373) [?:?]
	at java.util.concurrent.ForkJoinPool$WorkQueue.topLevelExec(ForkJoinPool.java:1182) [?:?]
	at java.util.concurrent.ForkJoinPool.scan(ForkJoinPool.java:1655) [?:?]
	at java.util.concurrent.ForkJoinPool.runWorker(ForkJoinPool.java:1622) [?:?]
	at java.util.concurrent.ForkJoinWorkerThread.run(ForkJoinWorkerThread.java:165) [?:?]
[20:39:23] [Realms Notification Availability checker #1/INFO] (Minecraft) Could not authorize you against Realms server: Invalid session id
[20:39:24] [Render thread/INFO] (Minecraft) [STDOUT]: Baritone settings file not found, resetting.
[20:39:25] [Render thread/INFO] (Meteor Client) Initializing Meteor Client
[20:39:40] [Render thread/INFO] (Reflections) Reflections took 7279 ms to scan 1 urls, producing 16 keys and 759 values
[20:40:09] [Render thread/INFO] (Meteor Client) Found 63 font families.
[20:40:21] [Render thread/INFO] (BedTrap) [BedTrap] Initializing BedTrap 501
[20:40:26] [Thread-4/INFO] (Minecraft) [STDOUT]: running funnyyyyyyyyyyyyyyyyyyyyyyyyyyyyyyyyyyy
[20:40:26] [Render thread/INFO] (Meteor Client) Loading
[20:40:27] [Render thread/INFO] (Meteor Client) Loaded in 879 milliseconds
[20:40:27] [Render thread/INFO] (Reflections) Reflections took 521 ms to scan 1 urls, producing 16 keys and 759 values
[20:40:30] [Render thread/WARN] (Minecraft) Missing sound for event: minecraft:item.goat_horn.play
[20:40:30] [Render thread/WARN] (Minecraft) Missing sound for event: minecraft:entity.goat.screaming.horn_break
[20:40:32] [Render thread/INFO] (Minecraft) OpenAL initialized on device OpenAL Soft on Динамики (Realtek(R) Audio)
[20:40:32] [Render thread/INFO] (Minecraft) Sound engine started
[20:40:32] [Render thread/INFO] (Minecraft) Created: 1024x1024x4 minecraft:textures/atlas/blocks.png-atlas
[20:40:57] [Render thread/INFO] (Minecraft) Created: 256x128x4 minecraft:textures/atlas/signs.png-atlas
[20:40:57] [Render thread/INFO] (Minecraft) Created: 1024x512x4 minecraft:textures/atlas/banner_patterns.png-atlas
[20:40:58] [Render thread/INFO] (Minecraft) Created: 1024x512x4 minecraft:textures/atlas/shield_patterns.png-atlas
[20:40:58] [Render thread/INFO] (Minecraft) Created: 256x256x4 minecraft:textures/atlas/chest.png-atlas
[20:40:58] [Render thread/INFO] (Minecraft) Created: 512x256x4 minecraft:textures/atlas/beds.png-atlas
[20:40:58] [Render thread/INFO] (Minecraft) Created: 512x256x4 minecraft:textures/atlas/shulker_boxes.png-atlas
[20:41:17] [Render thread/WARN] (Minecraft) Shader rendertype_entity_translucent_emissive could not find sampler named Sampler2 in the specified shader program.
[20:41:20] [Render thread/INFO] (Minecraft) Created: 512x256x0 minecraft:textures/atlas/particles.png-atlas
[20:41:20] [Render thread/INFO] (Minecraft) Created: 256x256x0 minecraft:textures/atlas/paintings.png-atlas
[20:41:20] [Render thread/INFO] (Minecraft) Created: 256x128x0 minecraft:textures/atlas/mob_effects.png-atlas
[20:41:23] [Render thread/INFO] (Meteor Client) Checking latest version of Meteor Client
[20:41:26] [Render thread/INFO] (Minecraft) Stopping!
[20:41:29] [Thread-7/INFO] (Meteor Client) Saving
[20:41:30] [Thread-6/INFO] (BedTrap) [BedTrap] Saving config...
[20:41:30] [Thread-6/INFO] (BedTrap) [BedTrap] Thanks for using BedTrap 501! Don't forget to join our discord -> https://discord.gg/nc9qQSCHv2
